Determining if the pthread_create exist failed with the following output:
Change Dir: /home/qiyang-isuzu/Desktop/ISUZU/0118/0118/truck/build/CMakeFiles/CMakeTmp

Run Build Command:"/usr/bin/make" "cmTC_e4bfe/fast"
/usr/bin/make -f CMakeFiles/cmTC_e4bfe.dir/build.make CMakeFiles/cmTC_e4bfe.dir/build
make[1]: Entering directory '/home/qiyang-isuzu/Desktop/ISUZU/0118/0118/truck/build/CMakeFiles/CMakeTmp'
Building C object CMakeFiles/cmTC_e4bfe.dir/CheckSymbolExists.c.o
/usr/bin/cc    -o CMakeFiles/cmTC_e4bfe.dir/CheckSymbolExists.c.o   -c /home/qiyang-isuzu/Desktop/ISUZU/0118/0118/truck/build/CMakeFiles/CMakeTmp/CheckSymbolExists.c
Linking C executable cmTC_e4bfe
/usr/bin/cmake -E cmake_link_script CMakeFiles/cmTC_e4bfe.dir/link.txt --verbose=1
/usr/bin/cc      -rdynamic CMakeFiles/cmTC_e4bfe.dir/CheckSymbolExists.c.o  -o cmTC_e4bfe 
CMakeFiles/cmTC_e4bfe.dir/CheckSymbolExists.c.o: In function `main':
CheckSymbolExists.c:(.text+0x1b): undefined reference to `pthread_create'
collect2: error: ld returned 1 exit status
CMakeFiles/cmTC_e4bfe.dir/build.make:97: recipe for target 'cmTC_e4bfe' failed
make[1]: *** [cmTC_e4bfe] Error 1
make[1]: Leaving directory '/home/qiyang-isuzu/Desktop/ISUZU/0118/0118/truck/build/CMakeFiles/CMakeTmp'
Makefile:126: recipe for target 'cmTC_e4bfe/fast' failed
make: *** [cmTC_e4bfe/fast] Error 2

File /home/qiyang-isuzu/Desktop/ISUZU/0118/0118/truck/build/CMakeFiles/CMakeTmp/CheckSymbolExists.c:
/* */
#include <pthread.h>

int main(int argc, char** argv)
{
  (void)argv;
#ifndef pthread_create
  return ((int*)(&pthread_create))[argc];
#else
  (void)argc;
  return 0;
#endif
}

Determining if the function pthread_create exists in the pthreads failed with the following output:
Change Dir: /home/qiyang-isuzu/Desktop/ISUZU/0118/0118/truck/build/CMakeFiles/CMakeTmp

Run Build Command:"/usr/bin/make" "cmTC_da789/fast"
/usr/bin/make -f CMakeFiles/cmTC_da789.dir/build.make CMakeFiles/cmTC_da789.dir/build
make[1]: Entering directory '/home/qiyang-isuzu/Desktop/ISUZU/0118/0118/truck/build/CMakeFiles/CMakeTmp'
Building C object CMakeFiles/cmTC_da789.dir/CheckFunctionExists.c.o
/usr/bin/cc   -DCHECK_FUNCTION_EXISTS=pthread_create   -o CMakeFiles/cmTC_da789.dir/CheckFunctionExists.c.o   -c /usr/share/cmake-3.10/Modules/CheckFunctionExists.c
Linking C executable cmTC_da789
/usr/bin/cmake -E cmake_link_script CMakeFiles/cmTC_da789.dir/link.txt --verbose=1
/usr/bin/cc  -DCHECK_FUNCTION_EXISTS=pthread_create    -rdynamic CMakeFiles/cmTC_da789.dir/CheckFunctionExists.c.o  -o cmTC_da789 -lpthreads 
/usr/bin/ld: cannot find -lpthreads
collect2: error: ld returned 1 exit status
CMakeFiles/cmTC_da789.dir/build.make:97: recipe for target 'cmTC_da789' failed
make[1]: *** [cmTC_da789] Error 1
make[1]: Leaving directory '/home/qiyang-isuzu/Desktop/ISUZU/0118/0118/truck/build/CMakeFiles/CMakeTmp'
Makefile:126: recipe for target 'cmTC_da789/fast' failed
make: *** [cmTC_da789/fast] Error 2


